[+] Containers:
 |- [+] Container: /Game/FirstPerson/Maps/MainMap
 |   |- [+] ActorDescs:
 |   |   |- Guid:0074E44A81B53CB19DD61A025F808810 NativeClass:/Script/Engine.SkyAtmosphere Name:SkyAtmosphere_0 Label:SkyAtmosphere SpatiallyLoaded:false EditorBounds:IsValid=true, Min=(X=-128.000 Y=-128.000 Z=892.000), Max=(X=240.000 Y=128.000 Z=1148.000) RuntimeBounds:IsValid=true, Min=(X=0.000 Y=0.000 Z=1020.000), Max=(X=0.000 Y=0.000 Z=1020.000) RuntimeGrid:None EditorOnly:false RuntimeOnly:false HLODRelevant:false ListedInSceneOutliner:true IsMainWorldOnly:false FolderPath:Lighting FolderGuid:0BA5F0A04EADB18E70D5B180D08FA34B
 |   |   |- Guid:014B035DAEA43D7099DA7CFA28C2BBDE NativeClass:/Script/Landscape.LandscapeStreamingProxy Name:LandscapeStreamingProxy_ADJQWNCY4QXZDXQ1CV7SG95CV_126_1_1_0 Label:LandscapeStreamingProxy_1_1_0 SpatiallyLoaded:true EditorBounds:IsValid=true, Min=(X=-1008.000 Y=-3428.000 Z=0.000), Max=(X=0.000 Y=-2420.000 Z=875.375) RuntimeBounds:IsValid=true, Min=(X=-1008.000 Y=-3428.000 Z=602.250), Max=(X=0.000 Y=-2420.000 Z=875.375) RuntimeGrid:None EditorOnly:false RuntimeOnly:false HLODRelevant:true ListedInSceneOutliner:true IsMainWorldOnly:false
 |   |   |- Guid:04E5727EFE863541946844DEA6987D05 NativeClass:/Script/Landscape.LandscapeStreamingProxy Name:LandscapeStreamingProxy_ADJQWNCY4QXZDXQ1CV7SG95CV_126_1_3_0 Label:LandscapeStreamingProxy_1_3_0 SpatiallyLoaded:true EditorBounds:IsValid=true, Min=(X=-1008.000 Y=-1412.000 Z=0.000), Max=(X=0.000 Y=-404.000 Z=846.750) RuntimeBounds:IsValid=true, Min=(X=-1008.000 Y=-1412.000 Z=0.000), Max=(X=0.000 Y=-404.000 Z=846.750) RuntimeGrid:None EditorOnly:false RuntimeOnly:false HLODRelevant:true ListedInSceneOutliner:true IsMainWorldOnly:false
 |   |   |- Guid:0718BB5DEE73395D8BDD51A58CCFF9B0 NativeClass:/Script/Landscape.LandscapeStreamingProxy Name:LandscapeStreamingProxy_ADJQWNCY4QXZDXQ1CV7SG95CV_126_3_2_0 Label:LandscapeStreamingProxy_3_2_0 SpatiallyLoaded:true EditorBounds:IsValid=true, Min=(X=1008.000 Y=-2420.000 Z=-8.000), Max=(X=2016.000 Y=-1412.000 Z=8.000) RuntimeBounds:IsValid=true, Min=(X=1008.000 Y=-2420.000 Z=-8.000), Max=(X=2016.000 Y=-1412.000 Z=8.000) RuntimeGrid:None EditorOnly:false RuntimeOnly:false HLODRelevant:true ListedInSceneOutliner:true IsMainWorldOnly:false
 |   |   |- Guid:218E71B4E50F3A2A9D57B9C8865A9BD9 BaseClass:/Game/GenerationLine.GenerationLine_C NativeClass:/Script/Engine.Actor Name:GenerationLine_C_UAID_00D861E3ECDD3C4802_1682498088 Label:GenerationLine SpatiallyLoaded:true EditorBounds:IsValid=true, Min=(X=1019.000 Y=819.000 Z=3341.000), Max=(X=20980.000 Y=819.000 Z=3341.000) RuntimeBounds:IsValid=true, Min=(X=1019.000 Y=819.000 Z=3341.000), Max=(X=20980.000 Y=819.000 Z=3341.000) RuntimeGrid:None EditorOnly:false RuntimeOnly:false HLODRelevant:false ListedInSceneOutliner:true IsMainWorldOnly:false
 |   |   |- Guid:2495F607880330C1912968E50AE2BA6B NativeClass:/Script/Landscape.LandscapeStreamingProxy Name:LandscapeStreamingProxy_ADJQWNCY4QXZDXQ1CV7SG95CV_126_2_2_0 Label:LandscapeStreamingProxy_2_2_0 SpatiallyLoaded:true EditorBounds:IsValid=true, Min=(X=0.000 Y=-2420.000 Z=0.000), Max=(X=1008.000 Y=-1412.000 Z=860.250) RuntimeBounds:IsValid=true, Min=(X=0.000 Y=-2420.000 Z=0.000), Max=(X=1008.000 Y=-1412.000 Z=860.250) RuntimeGrid:None EditorOnly:false RuntimeOnly:false HLODRelevant:true ListedInSceneOutliner:true IsMainWorldOnly:false
 |   |   |- Guid:2799BFE4FC0A3FA4AADA3795D40F0564 NativeClass:/Script/Engine.PlayerStart Name:PlayerStart_0 Label:PlayerStart SpatiallyLoaded:false EditorBounds:IsValid=true, Min=(X=432.355 Y=670.881 Z=3264.732), Max=(X=800.355 Y=926.881 Z=3520.732) RuntimeBounds:IsValid=true, Min=(X=520.355 Y=758.881 Z=3300.732), Max=(X=600.355 Y=838.881 Z=3484.732) RuntimeGrid:None EditorOnly:false RuntimeOnly:false HLODRelevant:false ListedInSceneOutliner:true IsMainWorldOnly:false
 |   |   |- Guid:31013E2EE45E3458A6737BC494C5BBEE NativeClass:/Script/Engine.SkyLight Name:SkyLight_0 Label:SkyLight SpatiallyLoaded:false EditorBounds:IsValid=true, Min=(X=-1.000 Y=-1.000 Z=-1.000), Max=(X=1.000 Y=1.000 Z=690.000) RuntimeBounds:IsValid=true, Min=(X=0.000 Y=0.000 Z=690.000), Max=(X=0.000 Y=0.000 Z=690.000) RuntimeGrid:None EditorOnly:false RuntimeOnly:false HLODRelevant:false ListedInSceneOutliner:true IsMainWorldOnly:false FolderPath:Lighting FolderGuid:0BA5F0A04EADB18E70D5B180D08FA34B
 |   |   |- Guid:638BA689EE873A889764A9AD6F036C65 NativeClass:/Script/Landscape.LandscapeStreamingProxy Name:LandscapeStreamingProxy_ADJQWNCY4QXZDXQ1CV7SG95CV_126_0_2_0 Label:LandscapeStreamingProxy_0_2_0 SpatiallyLoaded:true EditorBounds:IsValid=true, Min=(X=-2016.000 Y=-2420.000 Z=0.000), Max=(X=-1008.000 Y=-1412.000 Z=875.375) RuntimeBounds:IsValid=true, Min=(X=-2016.000 Y=-2420.000 Z=527.875), Max=(X=-1008.000 Y=-1412.000 Z=875.375) RuntimeGrid:None EditorOnly:false RuntimeOnly:false HLODRelevant:true ListedInSceneOutliner:true IsMainWorldOnly:false
 |   |   |- Guid:6CDDA87AB298320AB0868658B834E679 NativeClass:/Script/Engine.ExponentialHeightFog Name:ExponentialHeightFog_0 Label:ExponentialHeightFog SpatiallyLoaded:false EditorBounds:IsValid=true, Min=(X=-5728.000 Y=-178.000 Z=-6978.000), Max=(X=-5472.000 Y=78.000 Z=-6722.000) RuntimeBounds:IsValid=true, Min=(X=-5600.000 Y=-50.000 Z=-6850.000), Max=(X=-5600.000 Y=-50.000 Z=-6850.000) RuntimeGrid:None EditorOnly:false RuntimeOnly:false HLODRelevant:false ListedInSceneOutliner:true IsMainWorldOnly:false FolderPath:Lighting FolderGuid:0BA5F0A04EADB18E70D5B180D08FA34B
 |   |   |- Guid:75F9429921D933EBA7D50AF10CB0B440 NativeClass:/Script/Landscape.LandscapeStreamingProxy Name:LandscapeStreamingProxy_ADJQWNCY4QXZDXQ1CV7SG95CV_126_3_3_0 Label:LandscapeStreamingProxy_3_3_0 SpatiallyLoaded:true EditorBounds:IsValid=true, Min=(X=1008.000 Y=-1412.000 Z=-8.000), Max=(X=2016.000 Y=-404.000 Z=8.000) RuntimeBounds:IsValid=true, Min=(X=1008.000 Y=-1412.000 Z=-8.000), Max=(X=2016.000 Y=-404.000 Z=8.000) RuntimeGrid:None EditorOnly:false RuntimeOnly:false HLODRelevant:true ListedInSceneOutliner:true IsMainWorldOnly:false
 |   |   |- Guid:7DAAF4CD87373706A7822A1A45C80357 NativeClass:/Script/Landscape.LandscapeStreamingProxy Name:LandscapeStreamingProxy_ADJQWNCY4QXZDXQ1CV7SG95CV_126_0_0_0 Label:LandscapeStreamingProxy_0_0_0 SpatiallyLoaded:true EditorBounds:IsValid=true, Min=(X=-2016.000 Y=-4436.000 Z=0.000), Max=(X=-1008.000 Y=-3428.000 Z=867.375) RuntimeBounds:IsValid=true, Min=(X=-2016.000 Y=-4436.000 Z=0.000), Max=(X=-1008.000 Y=-3428.000 Z=867.375) RuntimeGrid:None EditorOnly:false RuntimeOnly:false HLODRelevant:true ListedInSceneOutliner:true IsMainWorldOnly:false
 |   |   |- Guid:81E78AD27A3B3FFBBD7217B53C21D9EF NativeClass:/Script/Landscape.LandscapeStreamingProxy Name:LandscapeStreamingProxy_ADJQWNCY4QXZDXQ1CV7SG95CV_126_2_1_0 Label:LandscapeStreamingProxy_2_1_0 SpatiallyLoaded:true EditorBounds:IsValid=true, Min=(X=0.000 Y=-3428.000 Z=0.000), Max=(X=1008.000 Y=-2420.000 Z=861.688) RuntimeBounds:IsValid=true, Min=(X=0.000 Y=-3428.000 Z=0.000), Max=(X=1008.000 Y=-2420.000 Z=861.688) RuntimeGrid:None EditorOnly:false RuntimeOnly:false HLODRelevant:true ListedInSceneOutliner:true IsMainWorldOnly:false
 |   |   |- Guid:94154B9924CE3EB3AC1DD6A45963B8E5 NativeClass:/Script/Engine.PostProcessVolume Name:PostProcessVolume_0 Label:PostProcessVolume SpatiallyLoaded:false EditorBounds:IsValid=true, Min=(X=0.000 Y=0.000 Z=400.000), Max=(X=200.000 Y=200.000 Z=600.000) RuntimeBounds:IsValid=true, Min=(X=0.000 Y=0.000 Z=400.000), Max=(X=200.000 Y=200.000 Z=600.000) RuntimeGrid:None EditorOnly:false RuntimeOnly:false HLODRelevant:false ListedInSceneOutliner:true IsMainWorldOnly:false FolderPath:Lighting FolderGuid:0BA5F0A04EADB18E70D5B180D08FA34B
 |   |   |- Guid:959823993CCB3159B3D87DFBE824A5AB NativeClass:/Script/Landscape.LandscapeStreamingProxy Name:LandscapeStreamingProxy_ADJQWNCY4QXZDXQ1CV7SG95CV_126_0_1_0 Label:LandscapeStreamingProxy_0_1_0 SpatiallyLoaded:true EditorBounds:IsValid=true, Min=(X=-2016.000 Y=-3428.000 Z=0.000), Max=(X=-1008.000 Y=-2420.000 Z=875.375) RuntimeBounds:IsValid=true, Min=(X=-2016.000 Y=-3428.000 Z=708.438), Max=(X=-1008.000 Y=-2420.000 Z=875.375) RuntimeGrid:None EditorOnly:false RuntimeOnly:false HLODRelevant:true ListedInSceneOutliner:true IsMainWorldOnly:false
 |   |   |- Guid:998CEA8F9B4C35659F4FFD4E88925C80 NativeClass:/Script/Landscape.LandscapeStreamingProxy Name:LandscapeStreamingProxy_ADJQWNCY4QXZDXQ1CV7SG95CV_126_2_3_0 Label:LandscapeStreamingProxy_2_3_0 SpatiallyLoaded:true EditorBounds:IsValid=true, Min=(X=0.000 Y=-1412.000 Z=-8.000), Max=(X=1008.000 Y=-404.000 Z=418.500) RuntimeBounds:IsValid=true, Min=(X=0.000 Y=-1412.000 Z=-8.000), Max=(X=1008.000 Y=-404.000 Z=418.500) RuntimeGrid:None EditorOnly:false RuntimeOnly:false HLODRelevant:true ListedInSceneOutliner:true IsMainWorldOnly:false
 |   |   |- Guid:99B56EC5A52A399F86498443B990E5BE NativeClass:/Script/Landscape.LandscapeStreamingProxy Name:LandscapeStreamingProxy_ADJQWNCY4QXZDXQ1CV7SG95CV_126_1_0_0 Label:LandscapeStreamingProxy_1_0_0 SpatiallyLoaded:true EditorBounds:IsValid=true, Min=(X=-1008.000 Y=-4436.000 Z=0.000), Max=(X=0.000 Y=-3428.000 Z=867.375) RuntimeBounds:IsValid=true, Min=(X=-1008.000 Y=-4436.000 Z=0.000), Max=(X=0.000 Y=-3428.000 Z=867.375) RuntimeGrid:None EditorOnly:false RuntimeOnly:false HLODRelevant:true ListedInSceneOutliner:true IsMainWorldOnly:false
 |   |   |- Guid:9D89F071A4F53899844682853557937D NativeClass:/Script/Engine.StaticMeshActor Name:StaticMeshActor_UAID_B81EA4C4C028694302_1689416730 Label:SM_startPiece SpatiallyLoaded:true EditorBounds:IsValid=true, Min=(X=228.000 Y=435.000 Z=3130.000), Max=(X=1043.000 Y=1225.000 Z=3635.000) RuntimeBounds:IsValid=true, Min=(X=228.000 Y=435.000 Z=3130.000), Max=(X=1043.000 Y=1225.000 Z=3635.000) RuntimeGrid:None EditorOnly:false RuntimeOnly:false HLODRelevant:true ListedInSceneOutliner:true IsMainWorldOnly:false
 |   |   |- Guid:9ECAB6A18EDF3F4DBAC9EC9E6BFB4105 NativeClass:/Script/Engine.VolumetricCloud Name:VolumetricCloud_0 Label:VolumetricCloud SpatiallyLoaded:false EditorBounds:IsValid=true, Min=(X=-128.000 Y=-128.000 Z=692.000), Max=(X=128.000 Y=128.000 Z=948.000) RuntimeBounds:IsValid=true, Min=(X=0.000 Y=0.000 Z=820.000), Max=(X=0.000 Y=0.000 Z=820.000) RuntimeGrid:None EditorOnly:false RuntimeOnly:false HLODRelevant:false ListedInSceneOutliner:true IsMainWorldOnly:false FolderPath:Lighting FolderGuid:0BA5F0A04EADB18E70D5B180D08FA34B
 |   |   |- Guid:A3ACBE5515263CBBB5213258C1A56627 NativeClass:/Script/Landscape.LandscapeStreamingProxy Name:LandscapeStreamingProxy_ADJQWNCY4QXZDXQ1CV7SG95CV_126_0_3_0 Label:LandscapeStreamingProxy_0_3_0 SpatiallyLoaded:true EditorBounds:IsValid=true, Min=(X=-2016.000 Y=-1412.000 Z=0.000), Max=(X=-1008.000 Y=-404.000 Z=847.500) RuntimeBounds:IsValid=true, Min=(X=-2016.000 Y=-1412.000 Z=0.000), Max=(X=-1008.000 Y=-404.000 Z=847.500) RuntimeGrid:None EditorOnly:false RuntimeOnly:false HLODRelevant:true ListedInSceneOutliner:true IsMainWorldOnly:false
 |   |   |- Guid:AC2097661A1433F5A55057C4BEAD2EEF NativeClass:/Script/NavigationSystem.RecastNavMesh Name:RecastNavMesh_UAID_B81EA4C4C028DF2602-Default Label:RecastNavMesh-Default SpatiallyLoaded:false EditorBounds:IsValid=true, Min=(X=0.000 Y=0.000 Z=0.000), Max=(X=0.000 Y=0.000 Z=0.000) RuntimeBounds:IsValid=true, Min=(X=0.000 Y=0.000 Z=0.000), Max=(X=0.000 Y=0.000 Z=0.000) RuntimeGrid:None EditorOnly:false RuntimeOnly:false HLODRelevant:false ListedInSceneOutliner:true IsMainWorldOnly:false
 |   |   |- Guid:AEC4FDC5D1543EB082CF0AF94DE051AA NativeClass:/Script/PCG.PCGWorldActor Name:PCGWorldActor_UAID_00D861E3ECDD4E4202_1081605920 Label:PCGWorldActor SpatiallyLoaded:false EditorBounds:IsValid=false, Min=(X=0.000 Y=0.000 Z=0.000), Max=(X=0.000 Y=0.000 Z=0.000) RuntimeBounds:IsValid=false, Min=(X=0.000 Y=0.000 Z=0.000), Max=(X=0.000 Y=0.000 Z=0.000) RuntimeGrid:None EditorOnly:false RuntimeOnly:false HLODRelevant:false ListedInSceneOutliner:true IsMainWorldOnly:false
 |   |   |- Guid:B3FF9340B3C43711BC4981423674F900 NativeClass:/Script/Landscape.LandscapeStreamingProxy Name:LandscapeStreamingProxy_ADJQWNCY4QXZDXQ1CV7SG95CV_126_3_1_0 Label:LandscapeStreamingProxy_3_1_0 SpatiallyLoaded:true EditorBounds:IsValid=true, Min=(X=1008.000 Y=-3428.000 Z=-8.000), Max=(X=2016.000 Y=-2420.000 Z=8.000) RuntimeBounds:IsValid=true, Min=(X=1008.000 Y=-3428.000 Z=-8.000), Max=(X=2016.000 Y=-2420.000 Z=8.000) RuntimeGrid:None EditorOnly:false RuntimeOnly:false HLODRelevant:true ListedInSceneOutliner:true IsMainWorldOnly:false
 |   |   |- Guid:C4A81CA7932A39A3932D659305B51168 NativeClass:/Script/Landscape.Landscape Name:Landscape_UAID_00D861E3ECDD4E4202_1403408922 Label:Landscape SpatiallyLoaded:false EditorBounds:IsValid=true, Min=(X=-2016.000 Y=-4436.000 Z=0.000), Max=(X=-2016.000 Y=-4436.000 Z=0.000) RuntimeBounds:IsValid=true, Min=(X=-2016.000 Y=-4436.000 Z=0.000), Max=(X=-2016.000 Y=-4436.000 Z=0.000) RuntimeGrid:None EditorOnly:false RuntimeOnly:false HLODRelevant:false ListedInSceneOutliner:true IsMainWorldOnly:false
 |   |   |- Guid:D31C5FF6BCDF3D9DBD7C411ADCD87AE5 NativeClass:/Script/Landscape.LandscapeStreamingProxy Name:LandscapeStreamingProxy_ADJQWNCY4QXZDXQ1CV7SG95CV_126_1_2_0 Label:LandscapeStreamingProxy_1_2_0 SpatiallyLoaded:true EditorBounds:IsValid=true, Min=(X=-1008.000 Y=-2420.000 Z=0.000), Max=(X=0.000 Y=-1412.000 Z=875.375) RuntimeBounds:IsValid=true, Min=(X=-1008.000 Y=-2420.000 Z=418.500), Max=(X=0.000 Y=-1412.000 Z=875.375) RuntimeGrid:None EditorOnly:false RuntimeOnly:false HLODRelevant:true ListedInSceneOutliner:true IsMainWorldOnly:false
 |   |   |- Guid:D33A1B8CEC5D368790493DE3CC53B455 NativeClass:/Script/NavigationSystem.NavMeshBoundsVolume Name:NavMeshBoundsVolume_UAID_B81EA4C4C028DF2602_1536051872 Label:NavMeshBoundsVolume SpatiallyLoaded:false EditorBounds:IsValid=true, Min=(X=-98.250 Y=-886.000 Z=1090.500), Max=(X=23514.250 Y=3114.000 Z=4315.500) RuntimeBounds:IsValid=true, Min=(X=-98.250 Y=-886.000 Z=1090.500), Max=(X=23514.250 Y=3114.000 Z=4315.500) RuntimeGrid:None EditorOnly:false RuntimeOnly:false HLODRelevant:false ListedInSceneOutliner:true IsMainWorldOnly:false
 |   |   |- Guid:E58D97CF1DC43AC1ABA74365C53B66FA NativeClass:/Script/Engine.WorldDataLayers Name:WorldDataLayers Label:WorldDataLayers SpatiallyLoaded:false EditorBounds:IsValid=false, Min=(X=0.000 Y=0.000 Z=0.000), Max=(X=0.000 Y=0.000 Z=0.000) RuntimeBounds:IsValid=false, Min=(X=0.000 Y=0.000 Z=0.000), Max=(X=0.000 Y=0.000 Z=0.000) RuntimeGrid:None EditorOnly:false RuntimeOnly:false HLODRelevant:false ListedInSceneOutliner:true IsMainWorldOnly:true
 |   |   |- Guid:E5FAB4F945363A89AA0A8B2227C727C4 NativeClass:/Script/Landscape.LandscapeStreamingProxy Name:LandscapeStreamingProxy_ADJQWNCY4QXZDXQ1CV7SG95CV_126_2_0_0 Label:LandscapeStreamingProxy_2_0_0 SpatiallyLoaded:true EditorBounds:IsValid=true, Min=(X=0.000 Y=-4436.000 Z=-8.000), Max=(X=1008.000 Y=-3428.000 Z=602.250) RuntimeBounds:IsValid=true, Min=(X=0.000 Y=-4436.000 Z=-8.000), Max=(X=1008.000 Y=-3428.000 Z=602.250) RuntimeGrid:None EditorOnly:false RuntimeOnly:false HLODRelevant:true ListedInSceneOutliner:true IsMainWorldOnly:false
 |   |   |- Guid:E7863632D63B3DE5BE77086DE4C73044 NativeClass:/Script/Engine.DirectionalLight Name:DirectionalLight_1 Label:DirectionalLight SpatiallyLoaded:false EditorBounds:IsValid=false, Min=(X=0.000 Y=0.000 Z=0.000), Max=(X=0.000 Y=0.000 Z=0.000) RuntimeBounds:IsValid=false, Min=(X=0.000 Y=0.000 Z=0.000), Max=(X=0.000 Y=0.000 Z=0.000) RuntimeGrid:None EditorOnly:false RuntimeOnly:false HLODRelevant:false ListedInSceneOutliner:true IsMainWorldOnly:false FolderPath:Lighting FolderGuid:0BA5F0A04EADB18E70D5B180D08FA34B
 |   |   |- Guid:E91E91BBA5A0374FB8836D89B31FE5D7 NativeClass:/Script/Landscape.LandscapeStreamingProxy Name:LandscapeStreamingProxy_ADJQWNCY4QXZDXQ1CV7SG95CV_126_3_0_0 Label:LandscapeStreamingProxy_3_0_0 SpatiallyLoaded:true EditorBounds:IsValid=true, Min=(X=1008.000 Y=-4436.000 Z=-8.000), Max=(X=2016.000 Y=-3428.000 Z=8.000) RuntimeBounds:IsValid=true, Min=(X=1008.000 Y=-4436.000 Z=-8.000), Max=(X=2016.000 Y=-3428.000 Z=8.000) RuntimeGrid:None EditorOnly:false RuntimeOnly:false HLODRelevant:true ListedInSceneOutliner:true IsMainWorldOnly:false
 |   |- [+] Clusters:
 |   |   |- [+] [  0]
 |   |   |   |- Guid:0074E44A81B53CB19DD61A025F808810 NativeClass:/Script/Engine.SkyAtmosphere Name:SkyAtmosphere_0 Label:SkyAtmosphere SpatiallyLoaded:false EditorBounds:IsValid=true, Min=(X=-128.000 Y=-128.000 Z=892.000), Max=(X=240.000 Y=128.000 Z=1148.000) RuntimeBounds:IsValid=true, Min=(X=0.000 Y=0.000 Z=1020.000), Max=(X=0.000 Y=0.000 Z=1020.000) RuntimeGrid:None EditorOnly:false RuntimeOnly:false HLODRelevant:false ListedInSceneOutliner:true IsMainWorldOnly:false FolderPath:Lighting FolderGuid:0BA5F0A04EADB18E70D5B180D08FA34B
 |   |   |- [+] [  1]
 |   |   |   |- Guid:014B035DAEA43D7099DA7CFA28C2BBDE NativeClass:/Script/Landscape.LandscapeStreamingProxy Name:LandscapeStreamingProxy_ADJQWNCY4QXZDXQ1CV7SG95CV_126_1_1_0 Label:LandscapeStreamingProxy_1_1_0 SpatiallyLoaded:true EditorBounds:IsValid=true, Min=(X=-1008.000 Y=-3428.000 Z=0.000), Max=(X=0.000 Y=-2420.000 Z=875.375) RuntimeBounds:IsValid=true, Min=(X=-1008.000 Y=-3428.000 Z=602.250), Max=(X=0.000 Y=-2420.000 Z=875.375) RuntimeGrid:None EditorOnly:false RuntimeOnly:false HLODRelevant:true ListedInSceneOutliner:true IsMainWorldOnly:false
 |   |   |- [+] [  2]
 |   |   |   |- Guid:04E5727EFE863541946844DEA6987D05 NativeClass:/Script/Landscape.LandscapeStreamingProxy Name:LandscapeStreamingProxy_ADJQWNCY4QXZDXQ1CV7SG95CV_126_1_3_0 Label:LandscapeStreamingProxy_1_3_0 SpatiallyLoaded:true EditorBounds:IsValid=true, Min=(X=-1008.000 Y=-1412.000 Z=0.000), Max=(X=0.000 Y=-404.000 Z=846.750) RuntimeBounds:IsValid=true, Min=(X=-1008.000 Y=-1412.000 Z=0.000), Max=(X=0.000 Y=-404.000 Z=846.750) RuntimeGrid:None EditorOnly:false RuntimeOnly:false HLODRelevant:true ListedInSceneOutliner:true IsMainWorldOnly:false
 |   |   |- [+] [  3]
 |   |   |   |- Guid:0718BB5DEE73395D8BDD51A58CCFF9B0 NativeClass:/Script/Landscape.LandscapeStreamingProxy Name:LandscapeStreamingProxy_ADJQWNCY4QXZDXQ1CV7SG95CV_126_3_2_0 Label:LandscapeStreamingProxy_3_2_0 SpatiallyLoaded:true EditorBounds:IsValid=true, Min=(X=1008.000 Y=-2420.000 Z=-8.000), Max=(X=2016.000 Y=-1412.000 Z=8.000) RuntimeBounds:IsValid=true, Min=(X=1008.000 Y=-2420.000 Z=-8.000), Max=(X=2016.000 Y=-1412.000 Z=8.000) RuntimeGrid:None EditorOnly:false RuntimeOnly:false HLODRelevant:true ListedInSceneOutliner:true IsMainWorldOnly:false
 |   |   |- [+] [  4]
 |   |   |   |- Guid:218E71B4E50F3A2A9D57B9C8865A9BD9 BaseClass:/Game/GenerationLine.GenerationLine_C NativeClass:/Script/Engine.Actor Name:GenerationLine_C_UAID_00D861E3ECDD3C4802_1682498088 Label:GenerationLine SpatiallyLoaded:true EditorBounds:IsValid=true, Min=(X=1019.000 Y=819.000 Z=3341.000), Max=(X=20980.000 Y=819.000 Z=3341.000) RuntimeBounds:IsValid=true, Min=(X=1019.000 Y=819.000 Z=3341.000), Max=(X=20980.000 Y=819.000 Z=3341.000) RuntimeGrid:None EditorOnly:false RuntimeOnly:false HLODRelevant:false ListedInSceneOutliner:true IsMainWorldOnly:false
 |   |   |- [+] [  5]
 |   |   |   |- Guid:2495F607880330C1912968E50AE2BA6B NativeClass:/Script/Landscape.LandscapeStreamingProxy Name:LandscapeStreamingProxy_ADJQWNCY4QXZDXQ1CV7SG95CV_126_2_2_0 Label:LandscapeStreamingProxy_2_2_0 SpatiallyLoaded:true EditorBounds:IsValid=true, Min=(X=0.000 Y=-2420.000 Z=0.000), Max=(X=1008.000 Y=-1412.000 Z=860.250) RuntimeBounds:IsValid=true, Min=(X=0.000 Y=-2420.000 Z=0.000), Max=(X=1008.000 Y=-1412.000 Z=860.250) RuntimeGrid:None EditorOnly:false RuntimeOnly:false HLODRelevant:true ListedInSceneOutliner:true IsMainWorldOnly:false
 |   |   |- [+] [  6]
 |   |   |   |- Guid:2799BFE4FC0A3FA4AADA3795D40F0564 NativeClass:/Script/Engine.PlayerStart Name:PlayerStart_0 Label:PlayerStart SpatiallyLoaded:false EditorBounds:IsValid=true, Min=(X=432.355 Y=670.881 Z=3264.732), Max=(X=800.355 Y=926.881 Z=3520.732) RuntimeBounds:IsValid=true, Min=(X=520.355 Y=758.881 Z=3300.732), Max=(X=600.355 Y=838.881 Z=3484.732) RuntimeGrid:None EditorOnly:false RuntimeOnly:false HLODRelevant:false ListedInSceneOutliner:true IsMainWorldOnly:false
 |   |   |- [+] [  7]
 |   |   |   |- Guid:31013E2EE45E3458A6737BC494C5BBEE NativeClass:/Script/Engine.SkyLight Name:SkyLight_0 Label:SkyLight SpatiallyLoaded:false EditorBounds:IsValid=true, Min=(X=-1.000 Y=-1.000 Z=-1.000), Max=(X=1.000 Y=1.000 Z=690.000) RuntimeBounds:IsValid=true, Min=(X=0.000 Y=0.000 Z=690.000), Max=(X=0.000 Y=0.000 Z=690.000) RuntimeGrid:None EditorOnly:false RuntimeOnly:false HLODRelevant:false ListedInSceneOutliner:true IsMainWorldOnly:false FolderPath:Lighting FolderGuid:0BA5F0A04EADB18E70D5B180D08FA34B
 |   |   |- [+] [  8]
 |   |   |   |- Guid:638BA689EE873A889764A9AD6F036C65 NativeClass:/Script/Landscape.LandscapeStreamingProxy Name:LandscapeStreamingProxy_ADJQWNCY4QXZDXQ1CV7SG95CV_126_0_2_0 Label:LandscapeStreamingProxy_0_2_0 SpatiallyLoaded:true EditorBounds:IsValid=true, Min=(X=-2016.000 Y=-2420.000 Z=0.000), Max=(X=-1008.000 Y=-1412.000 Z=875.375) RuntimeBounds:IsValid=true, Min=(X=-2016.000 Y=-2420.000 Z=527.875), Max=(X=-1008.000 Y=-1412.000 Z=875.375) RuntimeGrid:None EditorOnly:false RuntimeOnly:false HLODRelevant:true ListedInSceneOutliner:true IsMainWorldOnly:false
 |   |   |- [+] [  9]
 |   |   |   |- Guid:6CDDA87AB298320AB0868658B834E679 NativeClass:/Script/Engine.ExponentialHeightFog Name:ExponentialHeightFog_0 Label:ExponentialHeightFog SpatiallyLoaded:false EditorBounds:IsValid=true, Min=(X=-5728.000 Y=-178.000 Z=-6978.000), Max=(X=-5472.000 Y=78.000 Z=-6722.000) RuntimeBounds:IsValid=true, Min=(X=-5600.000 Y=-50.000 Z=-6850.000), Max=(X=-5600.000 Y=-50.000 Z=-6850.000) RuntimeGrid:None EditorOnly:false RuntimeOnly:false HLODRelevant:false ListedInSceneOutliner:true IsMainWorldOnly:false FolderPath:Lighting FolderGuid:0BA5F0A04EADB18E70D5B180D08FA34B
 |   |   |- [+] [ 10]
 |   |   |   |- Guid:75F9429921D933EBA7D50AF10CB0B440 NativeClass:/Script/Landscape.LandscapeStreamingProxy Name:LandscapeStreamingProxy_ADJQWNCY4QXZDXQ1CV7SG95CV_126_3_3_0 Label:LandscapeStreamingProxy_3_3_0 SpatiallyLoaded:true EditorBounds:IsValid=true, Min=(X=1008.000 Y=-1412.000 Z=-8.000), Max=(X=2016.000 Y=-404.000 Z=8.000) RuntimeBounds:IsValid=true, Min=(X=1008.000 Y=-1412.000 Z=-8.000), Max=(X=2016.000 Y=-404.000 Z=8.000) RuntimeGrid:None EditorOnly:false RuntimeOnly:false HLODRelevant:true ListedInSceneOutliner:true IsMainWorldOnly:false
 |   |   |- [+] [ 11]
 |   |   |   |- Guid:7DAAF4CD87373706A7822A1A45C80357 NativeClass:/Script/Landscape.LandscapeStreamingProxy Name:LandscapeStreamingProxy_ADJQWNCY4QXZDXQ1CV7SG95CV_126_0_0_0 Label:LandscapeStreamingProxy_0_0_0 SpatiallyLoaded:true EditorBounds:IsValid=true, Min=(X=-2016.000 Y=-4436.000 Z=0.000), Max=(X=-1008.000 Y=-3428.000 Z=867.375) RuntimeBounds:IsValid=true, Min=(X=-2016.000 Y=-4436.000 Z=0.000), Max=(X=-1008.000 Y=-3428.000 Z=867.375) RuntimeGrid:None EditorOnly:false RuntimeOnly:false HLODRelevant:true ListedInSceneOutliner:true IsMainWorldOnly:false
 |   |   |- [+] [ 12]
 |   |   |   |- Guid:81E78AD27A3B3FFBBD7217B53C21D9EF NativeClass:/Script/Landscape.LandscapeStreamingProxy Name:LandscapeStreamingProxy_ADJQWNCY4QXZDXQ1CV7SG95CV_126_2_1_0 Label:LandscapeStreamingProxy_2_1_0 SpatiallyLoaded:true EditorBounds:IsValid=true, Min=(X=0.000 Y=-3428.000 Z=0.000), Max=(X=1008.000 Y=-2420.000 Z=861.688) RuntimeBounds:IsValid=true, Min=(X=0.000 Y=-3428.000 Z=0.000), Max=(X=1008.000 Y=-2420.000 Z=861.688) RuntimeGrid:None EditorOnly:false RuntimeOnly:false HLODRelevant:true ListedInSceneOutliner:true IsMainWorldOnly:false
 |   |   |- [+] [ 13]
 |   |   |   |- Guid:94154B9924CE3EB3AC1DD6A45963B8E5 NativeClass:/Script/Engine.PostProcessVolume Name:PostProcessVolume_0 Label:PostProcessVolume SpatiallyLoaded:false EditorBounds:IsValid=true, Min=(X=0.000 Y=0.000 Z=400.000), Max=(X=200.000 Y=200.000 Z=600.000) RuntimeBounds:IsValid=true, Min=(X=0.000 Y=0.000 Z=400.000), Max=(X=200.000 Y=200.000 Z=600.000) RuntimeGrid:None EditorOnly:false RuntimeOnly:false HLODRelevant:false ListedInSceneOutliner:true IsMainWorldOnly:false FolderPath:Lighting FolderGuid:0BA5F0A04EADB18E70D5B180D08FA34B
 |   |   |- [+] [ 14]
 |   |   |   |- Guid:959823993CCB3159B3D87DFBE824A5AB NativeClass:/Script/Landscape.LandscapeStreamingProxy Name:LandscapeStreamingProxy_ADJQWNCY4QXZDXQ1CV7SG95CV_126_0_1_0 Label:LandscapeStreamingProxy_0_1_0 SpatiallyLoaded:true EditorBounds:IsValid=true, Min=(X=-2016.000 Y=-3428.000 Z=0.000), Max=(X=-1008.000 Y=-2420.000 Z=875.375) RuntimeBounds:IsValid=true, Min=(X=-2016.000 Y=-3428.000 Z=708.438), Max=(X=-1008.000 Y=-2420.000 Z=875.375) RuntimeGrid:None EditorOnly:false RuntimeOnly:false HLODRelevant:true ListedInSceneOutliner:true IsMainWorldOnly:false
 |   |   |- [+] [ 15]
 |   |   |   |- Guid:998CEA8F9B4C35659F4FFD4E88925C80 NativeClass:/Script/Landscape.LandscapeStreamingProxy Name:LandscapeStreamingProxy_ADJQWNCY4QXZDXQ1CV7SG95CV_126_2_3_0 Label:LandscapeStreamingProxy_2_3_0 SpatiallyLoaded:true EditorBounds:IsValid=true, Min=(X=0.000 Y=-1412.000 Z=-8.000), Max=(X=1008.000 Y=-404.000 Z=418.500) RuntimeBounds:IsValid=true, Min=(X=0.000 Y=-1412.000 Z=-8.000), Max=(X=1008.000 Y=-404.000 Z=418.500) RuntimeGrid:None EditorOnly:false RuntimeOnly:false HLODRelevant:true ListedInSceneOutliner:true IsMainWorldOnly:false
 |   |   |- [+] [ 16]
 |   |   |   |- Guid:99B56EC5A52A399F86498443B990E5BE NativeClass:/Script/Landscape.LandscapeStreamingProxy Name:LandscapeStreamingProxy_ADJQWNCY4QXZDXQ1CV7SG95CV_126_1_0_0 Label:LandscapeStreamingProxy_1_0_0 SpatiallyLoaded:true EditorBounds:IsValid=true, Min=(X=-1008.000 Y=-4436.000 Z=0.000), Max=(X=0.000 Y=-3428.000 Z=867.375) RuntimeBounds:IsValid=true, Min=(X=-1008.000 Y=-4436.000 Z=0.000), Max=(X=0.000 Y=-3428.000 Z=867.375) RuntimeGrid:None EditorOnly:false RuntimeOnly:false HLODRelevant:true ListedInSceneOutliner:true IsMainWorldOnly:false
 |   |   |- [+] [ 17]
 |   |   |   |- Guid:9D89F071A4F53899844682853557937D NativeClass:/Script/Engine.StaticMeshActor Name:StaticMeshActor_UAID_B81EA4C4C028694302_1689416730 Label:SM_startPiece SpatiallyLoaded:true EditorBounds:IsValid=true, Min=(X=228.000 Y=435.000 Z=3130.000), Max=(X=1043.000 Y=1225.000 Z=3635.000) RuntimeBounds:IsValid=true, Min=(X=228.000 Y=435.000 Z=3130.000), Max=(X=1043.000 Y=1225.000 Z=3635.000) RuntimeGrid:None EditorOnly:false RuntimeOnly:false HLODRelevant:true ListedInSceneOutliner:true IsMainWorldOnly:false
 |   |   |- [+] [ 18]
 |   |   |   |- Guid:9ECAB6A18EDF3F4DBAC9EC9E6BFB4105 NativeClass:/Script/Engine.VolumetricCloud Name:VolumetricCloud_0 Label:VolumetricCloud SpatiallyLoaded:false EditorBounds:IsValid=true, Min=(X=-128.000 Y=-128.000 Z=692.000), Max=(X=128.000 Y=128.000 Z=948.000) RuntimeBounds:IsValid=true, Min=(X=0.000 Y=0.000 Z=820.000), Max=(X=0.000 Y=0.000 Z=820.000) RuntimeGrid:None EditorOnly:false RuntimeOnly:false HLODRelevant:false ListedInSceneOutliner:true IsMainWorldOnly:false FolderPath:Lighting FolderGuid:0BA5F0A04EADB18E70D5B180D08FA34B
 |   |   |- [+] [ 19]
 |   |   |   |- Guid:A3ACBE5515263CBBB5213258C1A56627 NativeClass:/Script/Landscape.LandscapeStreamingProxy Name:LandscapeStreamingProxy_ADJQWNCY4QXZDXQ1CV7SG95CV_126_0_3_0 Label:LandscapeStreamingProxy_0_3_0 SpatiallyLoaded:true EditorBounds:IsValid=true, Min=(X=-2016.000 Y=-1412.000 Z=0.000), Max=(X=-1008.000 Y=-404.000 Z=847.500) RuntimeBounds:IsValid=true, Min=(X=-2016.000 Y=-1412.000 Z=0.000), Max=(X=-1008.000 Y=-404.000 Z=847.500) RuntimeGrid:None EditorOnly:false RuntimeOnly:false HLODRelevant:true ListedInSceneOutliner:true IsMainWorldOnly:false
 |   |   |- [+] [ 20]
 |   |   |   |- Guid:AC2097661A1433F5A55057C4BEAD2EEF NativeClass:/Script/NavigationSystem.RecastNavMesh Name:RecastNavMesh_UAID_B81EA4C4C028DF2602-Default Label:RecastNavMesh-Default SpatiallyLoaded:false EditorBounds:IsValid=true, Min=(X=0.000 Y=0.000 Z=0.000), Max=(X=0.000 Y=0.000 Z=0.000) RuntimeBounds:IsValid=true, Min=(X=0.000 Y=0.000 Z=0.000), Max=(X=0.000 Y=0.000 Z=0.000) RuntimeGrid:None EditorOnly:false RuntimeOnly:false HLODRelevant:false ListedInSceneOutliner:true IsMainWorldOnly:false
 |   |   |- [+] [ 21]
 |   |   |   |- Guid:AEC4FDC5D1543EB082CF0AF94DE051AA NativeClass:/Script/PCG.PCGWorldActor Name:PCGWorldActor_UAID_00D861E3ECDD4E4202_1081605920 Label:PCGWorldActor SpatiallyLoaded:false EditorBounds:IsValid=false, Min=(X=0.000 Y=0.000 Z=0.000), Max=(X=0.000 Y=0.000 Z=0.000) RuntimeBounds:IsValid=false, Min=(X=0.000 Y=0.000 Z=0.000), Max=(X=0.000 Y=0.000 Z=0.000) RuntimeGrid:None EditorOnly:false RuntimeOnly:false HLODRelevant:false ListedInSceneOutliner:true IsMainWorldOnly:false
 |   |   |- [+] [ 22]
 |   |   |   |- Guid:B3FF9340B3C43711BC4981423674F900 NativeClass:/Script/Landscape.LandscapeStreamingProxy Name:LandscapeStreamingProxy_ADJQWNCY4QXZDXQ1CV7SG95CV_126_3_1_0 Label:LandscapeStreamingProxy_3_1_0 SpatiallyLoaded:true EditorBounds:IsValid=true, Min=(X=1008.000 Y=-3428.000 Z=-8.000), Max=(X=2016.000 Y=-2420.000 Z=8.000) RuntimeBounds:IsValid=true, Min=(X=1008.000 Y=-3428.000 Z=-8.000), Max=(X=2016.000 Y=-2420.000 Z=8.000) RuntimeGrid:None EditorOnly:false RuntimeOnly:false HLODRelevant:true ListedInSceneOutliner:true IsMainWorldOnly:false
 |   |   |- [+] [ 23]
 |   |   |   |- Guid:C4A81CA7932A39A3932D659305B51168 NativeClass:/Script/Landscape.Landscape Name:Landscape_UAID_00D861E3ECDD4E4202_1403408922 Label:Landscape SpatiallyLoaded:false EditorBounds:IsValid=true, Min=(X=-2016.000 Y=-4436.000 Z=0.000), Max=(X=-2016.000 Y=-4436.000 Z=0.000) RuntimeBounds:IsValid=true, Min=(X=-2016.000 Y=-4436.000 Z=0.000), Max=(X=-2016.000 Y=-4436.000 Z=0.000) RuntimeGrid:None EditorOnly:false RuntimeOnly:false HLODRelevant:false ListedInSceneOutliner:true IsMainWorldOnly:false
 |   |   |- [+] [ 24]
 |   |   |   |- Guid:D31C5FF6BCDF3D9DBD7C411ADCD87AE5 NativeClass:/Script/Landscape.LandscapeStreamingProxy Name:LandscapeStreamingProxy_ADJQWNCY4QXZDXQ1CV7SG95CV_126_1_2_0 Label:LandscapeStreamingProxy_1_2_0 SpatiallyLoaded:true EditorBounds:IsValid=true, Min=(X=-1008.000 Y=-2420.000 Z=0.000), Max=(X=0.000 Y=-1412.000 Z=875.375) RuntimeBounds:IsValid=true, Min=(X=-1008.000 Y=-2420.000 Z=418.500), Max=(X=0.000 Y=-1412.000 Z=875.375) RuntimeGrid:None EditorOnly:false RuntimeOnly:false HLODRelevant:true ListedInSceneOutliner:true IsMainWorldOnly:false
 |   |   |- [+] [ 25]
 |   |   |   |- Guid:D33A1B8CEC5D368790493DE3CC53B455 NativeClass:/Script/NavigationSystem.NavMeshBoundsVolume Name:NavMeshBoundsVolume_UAID_B81EA4C4C028DF2602_1536051872 Label:NavMeshBoundsVolume SpatiallyLoaded:false EditorBounds:IsValid=true, Min=(X=-98.250 Y=-886.000 Z=1090.500), Max=(X=23514.250 Y=3114.000 Z=4315.500) RuntimeBounds:IsValid=true, Min=(X=-98.250 Y=-886.000 Z=1090.500), Max=(X=23514.250 Y=3114.000 Z=4315.500) RuntimeGrid:None EditorOnly:false RuntimeOnly:false HLODRelevant:false ListedInSceneOutliner:true IsMainWorldOnly:false
 |   |   |- [+] [ 26]
 |   |   |   |- Guid:E58D97CF1DC43AC1ABA74365C53B66FA NativeClass:/Script/Engine.WorldDataLayers Name:WorldDataLayers Label:WorldDataLayers SpatiallyLoaded:false EditorBounds:IsValid=false, Min=(X=0.000 Y=0.000 Z=0.000), Max=(X=0.000 Y=0.000 Z=0.000) RuntimeBounds:IsValid=false, Min=(X=0.000 Y=0.000 Z=0.000), Max=(X=0.000 Y=0.000 Z=0.000) RuntimeGrid:None EditorOnly:false RuntimeOnly:false HLODRelevant:false ListedInSceneOutliner:true IsMainWorldOnly:true
 |   |   |- [+] [ 27]
 |   |   |   |- Guid:E5FAB4F945363A89AA0A8B2227C727C4 NativeClass:/Script/Landscape.LandscapeStreamingProxy Name:LandscapeStreamingProxy_ADJQWNCY4QXZDXQ1CV7SG95CV_126_2_0_0 Label:LandscapeStreamingProxy_2_0_0 SpatiallyLoaded:true EditorBounds:IsValid=true, Min=(X=0.000 Y=-4436.000 Z=-8.000), Max=(X=1008.000 Y=-3428.000 Z=602.250) RuntimeBounds:IsValid=true, Min=(X=0.000 Y=-4436.000 Z=-8.000), Max=(X=1008.000 Y=-3428.000 Z=602.250) RuntimeGrid:None EditorOnly:false RuntimeOnly:false HLODRelevant:true ListedInSceneOutliner:true IsMainWorldOnly:false
 |   |   |- [+] [ 28]
 |   |   |   |- Guid:E7863632D63B3DE5BE77086DE4C73044 NativeClass:/Script/Engine.DirectionalLight Name:DirectionalLight_1 Label:DirectionalLight SpatiallyLoaded:false EditorBounds:IsValid=false, Min=(X=0.000 Y=0.000 Z=0.000), Max=(X=0.000 Y=0.000 Z=0.000) RuntimeBounds:IsValid=false, Min=(X=0.000 Y=0.000 Z=0.000), Max=(X=0.000 Y=0.000 Z=0.000) RuntimeGrid:None EditorOnly:false RuntimeOnly:false HLODRelevant:false ListedInSceneOutliner:true IsMainWorldOnly:false FolderPath:Lighting FolderGuid:0BA5F0A04EADB18E70D5B180D08FA34B
 |   |   |- [+] [ 29]
 |   |   |   |- Guid:E91E91BBA5A0374FB8836D89B31FE5D7 NativeClass:/Script/Landscape.LandscapeStreamingProxy Name:LandscapeStreamingProxy_ADJQWNCY4QXZDXQ1CV7SG95CV_126_3_0_0 Label:LandscapeStreamingProxy_3_0_0 SpatiallyLoaded:true EditorBounds:IsValid=true, Min=(X=1008.000 Y=-4436.000 Z=-8.000), Max=(X=2016.000 Y=-3428.000 Z=8.000) RuntimeBounds:IsValid=true, Min=(X=1008.000 Y=-4436.000 Z=-8.000), Max=(X=2016.000 Y=-3428.000 Z=8.000) RuntimeGrid:None EditorOnly:false RuntimeOnly:false HLODRelevant:true ListedInSceneOutliner:true IsMainWorldOnly:false
 |- ContainerInstances:
 |- [+] MainContainer:
 |   |-        ID: 00000000000000000000000000000000
 |   |-  ParentID: 00000000000000000000000000000000
 |   |-    Bounds: IsValid=false, Min=(X=0.000 Y=0.000 Z=0.000), Max=(X=0.000 Y=0.000 Z=0.000)
 |   |- Transform: 0.000000,0.000000,0.000000|0.000000,0.000000,-0.000000|1.000000,1.000000,1.000000
 |   |- Container: /Game/FirstPerson/Maps/MainMap
----------------------------------------------------------------------------------------------------------------
MainMap - Persistent Level
----------------------------------------------------------------------------------------------------------------
[+] Content of MainMap Persistent Level
 |- Always loaded Actor Count: 30 
 |- Actor Path: /Game/FirstPerson/Maps/UEDPIE_0_MainMap.MainMap:PersistentLevel.DirectionalLight_1
 |- Actor Package: /Game/FirstPerson/Maps/UEDPIE_0_MainMap_InstanceOf_/Game/__ExternalActors__/FirstPerson/Maps/MainMap/B/HG/83W1KREAVK1DMDCDB802UL
 |- Actor Path: /Game/FirstPerson/Maps/UEDPIE_0_MainMap.MainMap:PersistentLevel.ExponentialHeightFog_0
 |- Actor Package: /Game/FirstPerson/Maps/UEDPIE_0_MainMap_InstanceOf_/Game/__ExternalActors__/FirstPerson/Maps/MainMap/7/TX/94B3R09NQ514OI812OLIW0
 |- Actor Path: /Game/FirstPerson/Maps/UEDPIE_0_MainMap.MainMap:PersistentLevel.GenerationLine_C_UAID_00D861E3ECDD3C4802_1682498088
 |- Actor Package: /Game/FirstPerson/Maps/UEDPIE_0_MainMap_InstanceOf_/Game/__ExternalActors__/FirstPerson/Maps/MainMap/5/US/O41EIOC3HAR6LRH9PTX7FR
 |- Actor Path: /Game/FirstPerson/Maps/UEDPIE_0_MainMap.MainMap:PersistentLevel.Landscape_UAID_00D861E3ECDD4E4202_1403408922
 |- Actor Package: /Game/FirstPerson/Maps/UEDPIE_0_MainMap_InstanceOf_/Game/__ExternalActors__/FirstPerson/Maps/MainMap/1/12/L8FZD3JGDVB57765SFZIX5
 |- Actor Path: /Game/FirstPerson/Maps/UEDPIE_0_MainMap.MainMap:PersistentLevel.LandscapeStreamingProxy_ADJQWNCY4QXZDXQ1CV7SG95CV_126_0_0_0
 |- Actor Package: /Game/FirstPerson/Maps/UEDPIE_0_MainMap_InstanceOf_/Game/__ExternalActors__/FirstPerson/Maps/MainMap/0/YL/WI8APQ62Y17X2F7VF5OZUE
 |- Actor Path: /Game/FirstPerson/Maps/UEDPIE_0_MainMap.MainMap:PersistentLevel.LandscapeStreamingProxy_ADJQWNCY4QXZDXQ1CV7SG95CV_126_0_1_0
 |- Actor Package: /Game/FirstPerson/Maps/UEDPIE_0_MainMap_InstanceOf_/Game/__ExternalActors__/FirstPerson/Maps/MainMap/B/S8/FYR7SR2XT52HUQJXGVDI7D
 |- Actor Path: /Game/FirstPerson/Maps/UEDPIE_0_MainMap.MainMap:PersistentLevel.LandscapeStreamingProxy_ADJQWNCY4QXZDXQ1CV7SG95CV_126_0_2_0
 |- Actor Package: /Game/FirstPerson/Maps/UEDPIE_0_MainMap_InstanceOf_/Game/__ExternalActors__/FirstPerson/Maps/MainMap/3/TA/KJERHF5II4EYLRP41Z75C9
 |- Actor Path: /Game/FirstPerson/Maps/UEDPIE_0_MainMap.MainMap:PersistentLevel.LandscapeStreamingProxy_ADJQWNCY4QXZDXQ1CV7SG95CV_126_0_3_0
 |- Actor Package: /Game/FirstPerson/Maps/UEDPIE_0_MainMap_InstanceOf_/Game/__ExternalActors__/FirstPerson/Maps/MainMap/D/54/J0JQY3PJY8KP74X7II4006
 |- Actor Path: /Game/FirstPerson/Maps/UEDPIE_0_MainMap.MainMap:PersistentLevel.LandscapeStreamingProxy_ADJQWNCY4QXZDXQ1CV7SG95CV_126_1_0_0
 |- Actor Package: /Game/FirstPerson/Maps/UEDPIE_0_MainMap_InstanceOf_/Game/__ExternalActors__/FirstPerson/Maps/MainMap/1/RR/SMC4ALA34ZW5OZAUK5C07C
 |- Actor Path: /Game/FirstPerson/Maps/UEDPIE_0_MainMap.MainMap:PersistentLevel.LandscapeStreamingProxy_ADJQWNCY4QXZDXQ1CV7SG95CV_126_1_1_0
 |- Actor Package: /Game/FirstPerson/Maps/UEDPIE_0_MainMap_InstanceOf_/Game/__ExternalActors__/FirstPerson/Maps/MainMap/0/FI/ZB1X5XLNWK8MY7UE7ZZW5D
 |- Actor Path: /Game/FirstPerson/Maps/UEDPIE_0_MainMap.MainMap:PersistentLevel.LandscapeStreamingProxy_ADJQWNCY4QXZDXQ1CV7SG95CV_126_1_2_0
 |- Actor Package: /Game/FirstPerson/Maps/UEDPIE_0_MainMap_InstanceOf_/Game/__ExternalActors__/FirstPerson/Maps/MainMap/B/VA/F1O4J1GZN1YEUM3WCBXGM3
 |- Actor Path: /Game/FirstPerson/Maps/UEDPIE_0_MainMap.MainMap:PersistentLevel.LandscapeStreamingProxy_ADJQWNCY4QXZDXQ1CV7SG95CV_126_1_3_0
 |- Actor Package: /Game/FirstPerson/Maps/UEDPIE_0_MainMap_InstanceOf_/Game/__ExternalActors__/FirstPerson/Maps/MainMap/6/AI/J82WK9UE0NUCGN6HX7VI7O
 |- Actor Path: /Game/FirstPerson/Maps/UEDPIE_0_MainMap.MainMap:PersistentLevel.LandscapeStreamingProxy_ADJQWNCY4QXZDXQ1CV7SG95CV_126_2_0_0
 |- Actor Package: /Game/FirstPerson/Maps/UEDPIE_0_MainMap_InstanceOf_/Game/__ExternalActors__/FirstPerson/Maps/MainMap/8/6S/DETSYQJ8E5H9NH5TKZCF0W
 |- Actor Path: /Game/FirstPerson/Maps/UEDPIE_0_MainMap.MainMap:PersistentLevel.LandscapeStreamingProxy_ADJQWNCY4QXZDXQ1CV7SG95CV_126_2_1_0
 |- Actor Package: /Game/FirstPerson/Maps/UEDPIE_0_MainMap_InstanceOf_/Game/__ExternalActors__/FirstPerson/Maps/MainMap/0/5F/VIZDYEJKLHI5CLICF41DYB
 |- Actor Path: /Game/FirstPerson/Maps/UEDPIE_0_MainMap.MainMap:PersistentLevel.LandscapeStreamingProxy_ADJQWNCY4QXZDXQ1CV7SG95CV_126_2_2_0
 |- Actor Package: /Game/FirstPerson/Maps/UEDPIE_0_MainMap_InstanceOf_/Game/__ExternalActors__/FirstPerson/Maps/MainMap/9/QT/NCDUXNC2UO178QEFMLRWM8
 |- Actor Path: /Game/FirstPerson/Maps/UEDPIE_0_MainMap.MainMap:PersistentLevel.LandscapeStreamingProxy_ADJQWNCY4QXZDXQ1CV7SG95CV_126_2_3_0
 |- Actor Package: /Game/FirstPerson/Maps/UEDPIE_0_MainMap_InstanceOf_/Game/__ExternalActors__/FirstPerson/Maps/MainMap/D/KA/QV9U38RVBUJ3YN5JNOV91X
 |- Actor Path: /Game/FirstPerson/Maps/UEDPIE_0_MainMap.MainMap:PersistentLevel.LandscapeStreamingProxy_ADJQWNCY4QXZDXQ1CV7SG95CV_126_3_0_0
 |- Actor Package: /Game/FirstPerson/Maps/UEDPIE_0_MainMap_InstanceOf_/Game/__ExternalActors__/FirstPerson/Maps/MainMap/3/UB/4JHC5KEHDCW84B7F6GRJZ0
 |- Actor Path: /Game/FirstPerson/Maps/UEDPIE_0_MainMap.MainMap:PersistentLevel.LandscapeStreamingProxy_ADJQWNCY4QXZDXQ1CV7SG95CV_126_3_1_0
 |- Actor Package: /Game/FirstPerson/Maps/UEDPIE_0_MainMap_InstanceOf_/Game/__ExternalActors__/FirstPerson/Maps/MainMap/E/ET/YCNMN83Y6VWL9WPTLBXDA1
 |- Actor Path: /Game/FirstPerson/Maps/UEDPIE_0_MainMap.MainMap:PersistentLevel.LandscapeStreamingProxy_ADJQWNCY4QXZDXQ1CV7SG95CV_126_3_2_0
 |- Actor Package: /Game/FirstPerson/Maps/UEDPIE_0_MainMap_InstanceOf_/Game/__ExternalActors__/FirstPerson/Maps/MainMap/D/HZ/TMUDD8JPM0GTZ02RJRZMP2
 |- Actor Path: /Game/FirstPerson/Maps/UEDPIE_0_MainMap.MainMap:PersistentLevel.LandscapeStreamingProxy_ADJQWNCY4QXZDXQ1CV7SG95CV_126_3_3_0
 |- Actor Package: /Game/FirstPerson/Maps/UEDPIE_0_MainMap_InstanceOf_/Game/__ExternalActors__/FirstPerson/Maps/MainMap/7/Z2/6ZOSCK56BXXOZMMCYELBC2
 |- Actor Path: /Game/FirstPerson/Maps/UEDPIE_0_MainMap.MainMap:PersistentLevel.NavMeshBoundsVolume_UAID_B81EA4C4C028DF2602_1536051872
 |- Actor Package: /Game/FirstPerson/Maps/UEDPIE_0_MainMap_InstanceOf_/Game/__ExternalActors__/FirstPerson/Maps/MainMap/0/C5/0PWOWUVM5VIH3RIN5KXEMG
 |- Actor Path: /Game/FirstPerson/Maps/UEDPIE_0_MainMap.MainMap:PersistentLevel.PCGWorldActor_UAID_00D861E3ECDD4E4202_1081605920
 |- Actor Package: /Game/FirstPerson/Maps/UEDPIE_0_MainMap_InstanceOf_/Game/__ExternalActors__/FirstPerson/Maps/MainMap/E/C9/AMEOJEI3V13J19OGE7PI85
 |- Actor Path: /Game/FirstPerson/Maps/UEDPIE_0_MainMap.MainMap:PersistentLevel.PlayerStart_0
 |- Actor Package: /Game/FirstPerson/Maps/UEDPIE_0_MainMap_InstanceOf_/Game/__ExternalActors__/FirstPerson/Maps/MainMap/7/E9/8O56Y1DZHH50ZC5ZEYL52O
 |- Actor Path: /Game/FirstPerson/Maps/UEDPIE_0_MainMap.MainMap:PersistentLevel.PostProcessVolume_0
 |- Actor Package: /Game/FirstPerson/Maps/UEDPIE_0_MainMap_InstanceOf_/Game/__ExternalActors__/FirstPerson/Maps/MainMap/B/MH/BKL5UVZW7W9AT6SAOBQF2C
 |- Actor Path: /Game/FirstPerson/Maps/UEDPIE_0_MainMap.MainMap:PersistentLevel.RecastNavMesh_UAID_B81EA4C4C028DF2602-Default
 |- Actor Package: /Game/FirstPerson/Maps/UEDPIE_0_MainMap_InstanceOf_/Game/__ExternalActors__/FirstPerson/Maps/MainMap/0/XG/R0R4MCLR46JRDJTLG3PFM1
 |- Actor Path: /Game/FirstPerson/Maps/UEDPIE_0_MainMap.MainMap:PersistentLevel.SkyAtmosphere_0
 |- Actor Package: /Game/FirstPerson/Maps/UEDPIE_0_MainMap_InstanceOf_/Game/__ExternalActors__/FirstPerson/Maps/MainMap/C/G9/6VGW5HB2XU2S55WPH80UHF
 |- Actor Path: /Game/FirstPerson/Maps/UEDPIE_0_MainMap.MainMap:PersistentLevel.SkyLight_0
 |- Actor Package: /Game/FirstPerson/Maps/UEDPIE_0_MainMap_InstanceOf_/Game/__ExternalActors__/FirstPerson/Maps/MainMap/E/C9/CRO5TCDUV042UJKGJ7B024
 |- Actor Path: /Game/FirstPerson/Maps/UEDPIE_0_MainMap.MainMap:PersistentLevel.StaticMeshActor_UAID_B81EA4C4C028694302_1689416730
 |- Actor Package: /Game/FirstPerson/Maps/UEDPIE_0_MainMap_InstanceOf_/Game/__ExternalActors__/FirstPerson/Maps/MainMap/1/O5/9MMIWXNLMCHH1D7G4CZYT8
 |- Actor Path: /Game/FirstPerson/Maps/UEDPIE_0_MainMap.MainMap:PersistentLevel.VolumetricCloud_0
 |- Actor Package: /Game/FirstPerson/Maps/UEDPIE_0_MainMap_InstanceOf_/Game/__ExternalActors__/FirstPerson/Maps/MainMap/8/AD/G8IPVM0D7MB3OKHVY3GDI7
 |- Actor Path: /Game/FirstPerson/Maps/UEDPIE_0_MainMap.MainMap:PersistentLevel.WorldDataLayers
 |- Actor Package: /Game/__ExternalActors__/FirstPerson/Maps/MainMap/4/RE/QZARMCJQ22KLU0MREIZNJT

----------------------------------------------------------------------------------------------------------------
MainMap - Runtime Hash Set
----------------------------------------------------------------------------------------------------------------

